<?xml version="1.0" encoding="UTF-8"?>
<robot generator="Robot 7.4.2 (Python 3.10.20 on linux)" generated="2026-04-21T18:16:47.063234" rpa="false" schemaversion="5">
<suite id="s1" name="Tests" source="/tests">
<suite id="s1-s1" name="Api Test" source="/tests/api_test.robot">
<kw name="Create Session" owner="RequestsLibrary" type="SETUP">
<msg time="2026-04-21T18:16:47.174471" level="INFO">Creating Session using : alias=api_session, url=http://api-server:8000, headers={},                     cookies={}, auth=None, timeout=None, proxies=None, verify=False,                     debug=0 </msg>
<arg>api_session</arg>
<arg>${BASE_URL}</arg>
<doc>Create Session: create a HTTP session to a server</doc>
<status status="PASS" start="2026-04-21T18:16:47.174235" elapsed="0.000381"/>
</kw>
<test id="s1-s1-t1" name="Verify Get All Patients Successfully" line="11">
<kw name="Create Session" owner="RequestsLibrary">
<msg time="2026-04-21T18:16:47.175310" level="INFO">Creating Session using : alias=api_session, url=http://api-server:8000, headers={},                     cookies={}, auth=None, timeout=None, proxies=None, verify=False,                     debug=0 </msg>
<arg>api_session</arg>
<arg>${BASE_URL}</arg>
<doc>Create Session: create a HTTP session to a server</doc>
<status status="PASS" start="2026-04-21T18:16:47.175229" elapsed="0.000163"/>
</kw>
<kw name="GET On Session" owner="RequestsLibrary">
<msg time="2026-04-21T18:16:47.177564" level="WARN">Retrying (RetryAdapter(total=2, connect=None, read=None, redirect=None, status=None)) after connection broken by 'NewConnectionError("HTTPConnection(host='api-server', port=8000): Failed to establish a new connection: [Errno 111] Connection refused")': /users</msg>
<msg time="2026-04-21T18:16:47.384345" level="WARN">Retrying (RetryAdapter(total=1, connect=None, read=None, redirect=None, status=None)) after connection broken by 'NewConnectionError("HTTPConnection(host='api-server', port=8000): Failed to establish a new connection: [Errno 111] Connection refused")': /users</msg>
<msg time="2026-04-21T18:16:47.791992" level="WARN">Retrying (RetryAdapter(total=0, connect=None, read=None, redirect=None, status=None)) after connection broken by 'NewConnectionError("HTTPConnection(host='api-server', port=8000): Failed to establish a new connection: [Errno 111] Connection refused")': /users</msg>
<msg time="2026-04-21T18:16:47.795880" level="FAIL">ConnectionError: HTTPConnectionPool(host='api-server', port=8000): Max retries exceeded with url: /users (Caused by NewConnectionError("HTTPConnection(host='api-server', port=8000): Failed to establish a new connection: [Errno 111] Connection refused"))</msg>
<var>${response}</var>
<arg>api_session</arg>
<arg>/users</arg>
<doc>Sends a GET request on a previously created HTTP Session.</doc>
<status status="FAIL" start="2026-04-21T18:16:47.175454" elapsed="0.623900">ConnectionError: HTTPConnectionPool(host='api-server', port=8000): Max retries exceeded with url: /users (Caused by NewConnectionError("HTTPConnection(host='api-server', port=8000): Failed to establish a new connection: [Errno 111] Connection refused"))</status>
</kw>
<kw name="Status Should Be" owner="RequestsLibrary">
<arg>200</arg>
<arg>${response}</arg>
<doc>Fails if response status code is different than the expected.</doc>
<status status="NOT RUN" start="2026-04-21T18:16:47.799992" elapsed="0.000080"/>
</kw>
<kw name="Log To Console" owner="BuiltIn">
<arg>\nResponse Data: ${response.json()}</arg>
<doc>Logs the given message to the console.</doc>
<status status="NOT RUN" start="2026-04-21T18:16:47.800371" elapsed="0.000040"/>
</kw>
<doc>ทดสอบการดึงข้อมูลผู้ใช้ทั้งหมดจาก API</doc>
<status status="FAIL" start="2026-04-21T18:16:47.174712" elapsed="0.626169">ConnectionError: HTTPConnectionPool(host='api-server', port=8000): Max retries exceeded with url: /users (Caused by NewConnectionError("HTTPConnection(host='api-server', port=8000): Failed to establish a new connection: [Errno 111] Connection refused"))</status>
</test>
<test id="s1-s1-t2" name="Verify Create New Patient" line="18">
<kw name="Create Dictionary" owner="BuiltIn">
<msg time="2026-04-21T18:16:47.805371" level="INFO">${payload} = {'username': 'Robot2', 'email': 'robottest2@gmail.com', 'password_hash': 'Test', 'fullname': 'RobotTest', 'tel': '1234567892', 'role': 'Admin', 'departments': 'BackendDev', 'status': 'active'}</msg>
<var>${payload}</var>
<arg>username=Robot2</arg>
<arg>email=robottest2@gmail.com</arg>
<arg>password_hash=Test</arg>
<arg>fullname=RobotTest</arg>
<arg>tel=1234567892</arg>
<arg>role=Admin</arg>
<arg>departments=BackendDev</arg>
<arg>status=active</arg>
<doc>Creates and returns a dictionary based on the given ``items``.</doc>
<status status="PASS" start="2026-04-21T18:16:47.803205" elapsed="0.002234"/>
</kw>
<kw name="Create Dictionary" owner="BuiltIn">
<msg time="2026-04-21T18:16:47.806351" level="INFO">${headers} = {'Content-Type': 'application/json'}</msg>
<var>${headers}</var>
<arg>Content-Type=application/json</arg>
<doc>Creates and returns a dictionary based on the given ``items``.</doc>
<status status="PASS" start="2026-04-21T18:16:47.805738" elapsed="0.000654"/>
</kw>
<kw name="POST On Session" owner="RequestsLibrary">
<msg time="2026-04-21T18:16:47.809259" level="WARN">Retrying (RetryAdapter(total=2, connect=None, read=None, redirect=None, status=None)) after connection broken by 'NewConnectionError("HTTPConnection(host='api-server', port=8000): Failed to establish a new connection: [Errno 111] Connection refused")': /users</msg>
<msg time="2026-04-21T18:16:48.014480" level="WARN">Retrying (RetryAdapter(total=1, connect=None, read=None, redirect=None, status=None)) after connection broken by 'NewConnectionError("HTTPConnection(host='api-server', port=8000): Failed to establish a new connection: [Errno 111] Connection refused")': /users</msg>
<msg time="2026-04-21T18:16:48.422465" level="WARN">Retrying (RetryAdapter(total=0, connect=None, read=None, redirect=None, status=None)) after connection broken by 'NewConnectionError("HTTPConnection(host='api-server', port=8000): Failed to establish a new connection: [Errno 111] Connection refused")': /users</msg>
<msg time="2026-04-21T18:16:48.425363" level="FAIL">ConnectionError: HTTPConnectionPool(host='api-server', port=8000): Max retries exceeded with url: /users (Caused by NewConnectionError("HTTPConnection(host='api-server', port=8000): Failed to establish a new connection: [Errno 111] Connection refused"))</msg>
<var>${response}</var>
<arg>api_session</arg>
<arg>/users</arg>
<arg>json=${payload}</arg>
<arg>headers=${headers}</arg>
<doc>Sends a POST request on a previously created HTTP Session.</doc>
<status status="FAIL" start="2026-04-21T18:16:47.806554" elapsed="0.619762">ConnectionError: HTTPConnectionPool(host='api-server', port=8000): Max retries exceeded with url: /users (Caused by NewConnectionError("HTTPConnection(host='api-server', port=8000): Failed to establish a new connection: [Errno 111] Connection refused"))</status>
</kw>
<kw name="Status Should Be" owner="RequestsLibrary">
<arg>200</arg>
<arg>${response}</arg>
<doc>Fails if response status code is different than the expected.</doc>
<status status="NOT RUN" start="2026-04-21T18:16:48.426938" elapsed="0.000081"/>
</kw>
<doc>ทดสอบการสร้างข้อมูลผู้ใช้ทั้งหมดจาก API</doc>
<status status="FAIL" start="2026-04-21T18:16:47.801416" elapsed="0.626087">ConnectionError: HTTPConnectionPool(host='api-server', port=8000): Max retries exceeded with url: /users (Caused by NewConnectionError("HTTPConnection(host='api-server', port=8000): Failed to establish a new connection: [Errno 111] Connection refused"))</status>
</test>
<test id="s1-s1-t3" name="Verify Get All Patients Successfully" line="25">
<kw name="Create Dictionary" owner="BuiltIn">
<msg time="2026-04-21T18:16:48.431585" level="INFO">${headers} = {'Content-Type': 'application/json', 'Authorization': 'Bearer eyJhbGciOiJIUzI1NiIsInR5cCI6IkpXVCJ9.eyJzdWIiOiJCcmlnaHQiLCJleHAiOjE3NzY3OTQ2Njl9.q6YOnfbEpHxMkOrWO4PyCcfHRMaEMu_pROOgt3mx1W0'}</msg>
<var>${headers}</var>
<arg>Content-Type=application/json</arg>
<arg>Authorization=Bearer eyJhbGciOiJIUzI1NiIsInR5cCI6IkpXVCJ9.eyJzdWIiOiJCcmlnaHQiLCJleHAiOjE3NzY3OTQ2Njl9.q6YOnfbEpHxMkOrWO4PyCcfHRMaEMu_pROOgt3mx1W0</arg>
<doc>Creates and returns a dictionary based on the given ``items``.</doc>
<status status="PASS" start="2026-04-21T18:16:48.430456" elapsed="0.001599"/>
</kw>
<kw name="DELETE On Session" owner="RequestsLibrary">
<msg time="2026-04-21T18:16:48.434693" level="WARN">Retrying (RetryAdapter(total=2, connect=None, read=None, redirect=None, status=None)) after connection broken by 'NewConnectionError("HTTPConnection(host='api-server', port=8000): Failed to establish a new connection: [Errno 111] Connection refused")': /users/6</msg>
<msg time="2026-04-21T18:16:48.641819" level="WARN">Retrying (RetryAdapter(total=1, connect=None, read=None, redirect=None, status=None)) after connection broken by 'NewConnectionError("HTTPConnection(host='api-server', port=8000): Failed to establish a new connection: [Errno 111] Connection refused")': /users/6</msg>
<msg time="2026-04-21T18:16:49.048771" level="WARN">Retrying (RetryAdapter(total=0, connect=None, read=None, redirect=None, status=None)) after connection broken by 'NewConnectionError("HTTPConnection(host='api-server', port=8000): Failed to establish a new connection: [Errno 111] Connection refused")': /users/6</msg>
<msg time="2026-04-21T18:16:49.051036" level="FAIL">ConnectionError: HTTPConnectionPool(host='api-server', port=8000): Max retries exceeded with url: /users/6 (Caused by NewConnectionError("HTTPConnection(host='api-server', port=8000): Failed to establish a new connection: [Errno 111] Connection refused"))</msg>
<var>${response}</var>
<arg>api_session</arg>
<arg>/users/6</arg>
<arg>headers=${headers}</arg>
<doc>Sends a DELETE request on a previously created HTTP Session.</doc>
<status status="FAIL" start="2026-04-21T18:16:48.432298" elapsed="0.619582">ConnectionError: HTTPConnectionPool(host='api-server', port=8000): Max retries exceeded with url: /users/6 (Caused by NewConnectionError("HTTPConnection(host='api-server', port=8000): Failed to establish a new connection: [Errno 111] Connection refused"))</status>
</kw>
<kw name="Status Should Be" owner="RequestsLibrary">
<arg>200</arg>
<arg>${response}</arg>
<doc>Fails if response status code is different than the expected.</doc>
<status status="NOT RUN" start="2026-04-21T18:16:49.052392" elapsed="0.000060"/>
</kw>
<kw name="Log To Console" owner="BuiltIn">
<arg>\nResponse Data: ${response.json()}</arg>
<doc>Logs the given message to the console.</doc>
<status status="NOT RUN" start="2026-04-21T18:16:49.052608" elapsed="0.000029"/>
</kw>
<doc>ทดสอบการลบข้อมูลผู้ใช้ทั้งหมดจาก API</doc>
<status status="FAIL" start="2026-04-21T18:16:48.427944" elapsed="0.625078">ConnectionError: HTTPConnectionPool(host='api-server', port=8000): Max retries exceeded with url: /users/6 (Caused by NewConnectionError("HTTPConnection(host='api-server', port=8000): Failed to establish a new connection: [Errno 111] Connection refused"))</status>
</test>
<status status="FAIL" start="2026-04-21T18:16:47.092366" elapsed="1.961363"/>
</suite>
<status status="FAIL" start="2026-04-21T18:16:47.065774" elapsed="1.989074"/>
</suite>
<statistics>
<total>
<stat pass="0" fail="3" skip="0">All Tests</stat>
</total>
<tag>
</tag>
<suite>
<stat name="Tests" id="s1" pass="0" fail="3" skip="0">Tests</stat>
<stat name="Api Test" id="s1-s1" pass="0" fail="3" skip="0">Tests.Api Test</stat>
</suite>
</statistics>
<errors>
<msg time="2026-04-21T18:16:47.177564" level="WARN">Retrying (RetryAdapter(total=2, connect=None, read=None, redirect=None, status=None)) after connection broken by 'NewConnectionError("HTTPConnection(host='api-server', port=8000): Failed to establish a new connection: [Errno 111] Connection refused")': /users</msg>
<msg time="2026-04-21T18:16:47.384345" level="WARN">Retrying (RetryAdapter(total=1, connect=None, read=None, redirect=None, status=None)) after connection broken by 'NewConnectionError("HTTPConnection(host='api-server', port=8000): Failed to establish a new connection: [Errno 111] Connection refused")': /users</msg>
<msg time="2026-04-21T18:16:47.791992" level="WARN">Retrying (RetryAdapter(total=0, connect=None, read=None, redirect=None, status=None)) after connection broken by 'NewConnectionError("HTTPConnection(host='api-server', port=8000): Failed to establish a new connection: [Errno 111] Connection refused")': /users</msg>
<msg time="2026-04-21T18:16:47.809259" level="WARN">Retrying (RetryAdapter(total=2, connect=None, read=None, redirect=None, status=None)) after connection broken by 'NewConnectionError("HTTPConnection(host='api-server', port=8000): Failed to establish a new connection: [Errno 111] Connection refused")': /users</msg>
<msg time="2026-04-21T18:16:48.014480" level="WARN">Retrying (RetryAdapter(total=1, connect=None, read=None, redirect=None, status=None)) after connection broken by 'NewConnectionError("HTTPConnection(host='api-server', port=8000): Failed to establish a new connection: [Errno 111] Connection refused")': /users</msg>
<msg time="2026-04-21T18:16:48.422465" level="WARN">Retrying (RetryAdapter(total=0, connect=None, read=None, redirect=None, status=None)) after connection broken by 'NewConnectionError("HTTPConnection(host='api-server', port=8000): Failed to establish a new connection: [Errno 111] Connection refused")': /users</msg>
<msg time="2026-04-21T18:16:48.428357" level="WARN">Multiple tests with name 'Verify Get All Patients Successfully' executed in suite 'Tests.Api Test'.</msg>
<msg time="2026-04-21T18:16:48.434693" level="WARN">Retrying (RetryAdapter(total=2, connect=None, read=None, redirect=None, status=None)) after connection broken by 'NewConnectionError("HTTPConnection(host='api-server', port=8000): Failed to establish a new connection: [Errno 111] Connection refused")': /users/6</msg>
<msg time="2026-04-21T18:16:48.641819" level="WARN">Retrying (RetryAdapter(total=1, connect=None, read=None, redirect=None, status=None)) after connection broken by 'NewConnectionError("HTTPConnection(host='api-server', port=8000): Failed to establish a new connection: [Errno 111] Connection refused")': /users/6</msg>
<msg time="2026-04-21T18:16:49.048771" level="WARN">Retrying (RetryAdapter(total=0, connect=None, read=None, redirect=None, status=None)) after connection broken by 'NewConnectionError("HTTPConnection(host='api-server', port=8000): Failed to establish a new connection: [Errno 111] Connection refused")': /users/6</msg>
</errors>
</robot>
